12.7
-20
-18
-16
-14
-12
-10
otherVar
-8
otherVar
-6
otherVar
-4
otherVar
-2
otherVar
0
otherVar
2
otherVar
4
otherVar
6
otherVar
8
otherVar
10
otherVar
12
otherVar
14
otherVar
16
otherVar
18
otherVar
20
otherVar
Value is bad
Value is bad
Value is bad
Value is bad
Value is bad
Value is bad
otherVar
Value is bad
otherVar
Value is bad
otherVar
Value is bad
otherVar
Value is bad
otherVar
0
otherVar
2
otherVar
4
otherVar
6
otherVar
8
otherVar
10
otherVar
12
otherVar
14
otherVar
16
otherVar
18
otherVar
20
otherVar
Value is bad
Value is bad
Value is bad
Value is bad
Value is bad
Value is bad
otherVar
Value is bad
otherVar
Value is bad
otherVar
Value is bad
otherVar
Value is bad
otherVar
0
Value is bad
otherVar
1
Value is bad
otherVar
2
Value is bad
otherVar
3
Value is bad
otherVar
4
Value is bad
otherVar
5
Value is bad
otherVar
6
12
otherVar
7
14
otherVar
8
Value is bad
otherVar
9
Value is bad
otherVar
Value is bad
otherVar
Value is bad
Value is bad
Value is bad
Value is bad
Value is bad
Value is bad
otherVar
Value is bad
otherVar
Value is bad
otherVar
Value is bad
otherVar
Value is bad
otherVar
0
Value is bad
otherVar
1
Value is bad
otherVar
2
Value is bad
otherVar
3
Value is bad
otherVar
4
Value is bad
otherVar
5
Value is bad
otherVar
6
12
otherVar
7
14
otherVar
8
Value is bad
otherVar
9
Value is bad
otherVar
10
Value is bad
otherVar
Value is bad
Value is bad
Value is bad
Value is bad
Value is bad
Value is bad
otherVar
Value is bad
otherVar
Value is bad
otherVar
Value is bad
otherVar
Value is bad
otherVar
0
Value is bad
otherVar
1
Value is bad
otherVar
2
Value is bad
otherVar
3
Value is bad
otherVar
4
Value is bad
otherVar
5
Value is bad
otherVar
6
12
otherVar
7
14
otherVar
8
Value is bad
otherVar
9
Value is bad
otherVar
10
Value is bad
otherVar
Time (seconds):
0
Expensive loop...
(1 million iterations)
6
